[debug] [2017-11-13T07:38:22.757Z] ----------------------------------------------------------------------
[debug] [2017-11-13T07:38:22.760Z] Command:       /usr/local/Cellar/node/8.7.0/bin/node /usr/local/bin/firebase deploy
[debug] [2017-11-13T07:38:22.760Z] CLI Version:   3.13.1
[debug] [2017-11-13T07:38:22.760Z] Platform:      darwin
[debug] [2017-11-13T07:38:22.760Z] Node Version:  v8.7.0
[debug] [2017-11-13T07:38:22.761Z] Time:          Mon Nov 13 2017 15:38:22 GMT+0800 (CST)
[debug] [2017-11-13T07:38:22.761Z] ----------------------------------------------------------------------
[debug] 
[debug] [2017-11-13T07:38:22.786Z] > command requires scopes: ["email","openid","https://www.googleapis.com/auth/cloudplatformprojects.readonly","https://www.googleapis.com/auth/firebase","https://www.googleapis.com/auth/cloud-platform"]
[debug] [2017-11-13T07:38:22.786Z] > authorizing via signed-in user
[debug] [2017-11-13T07:38:22.789Z] > refreshing access token with scopes: ["email","https://www.googleapis.com/auth/cloud-platform","https://www.googleapis.com/auth/cloudplatformprojects.readonly","https://www.googleapis.com/auth/firebase","openid"]
[debug] [2017-11-13T07:38:22.789Z] >>> HTTP REQUEST POST https://www.googleapis.com/oauth2/v3/token { refresh_token: '1/wK1_DOU1ETZpmCkMmWbQmRVZQYeuXcxw_28pjKP7DPE',
  client_id: '563584335869-fgrhgmd47bqnekij5i8b5pr03ho849e6.apps.googleusercontent.com',
  client_secret: 'j9iVZfS8kkCEFUPaAeJV0sAi',
  grant_type: 'refresh_token',
  scope: 'email https://www.googleapis.com/auth/cloud-platform https://www.googleapis.com/auth/cloudplatformprojects.readonly https://www.googleapis.com/auth/firebase openid' } 
 Mon Nov 13 2017 15:38:22 GMT+0800 (CST)
[debug] [2017-11-13T07:38:23.005Z] <<< HTTP RESPONSE 200
[debug] [2017-11-13T07:38:23.038Z] >>> HTTP REQUEST GET https://admin.firebase.com/v1/projects/uiccst-e752a  
 Mon Nov 13 2017 15:38:23 GMT+0800 (CST)
[debug] [2017-11-13T07:38:24.371Z] <<< HTTP RESPONSE 200
[debug] [2017-11-13T07:38:24.372Z] >>> HTTP REQUEST GET https://admin.firebase.com/v1/database/uiccst-e752a/tokens  
 Mon Nov 13 2017 15:38:24 GMT+0800 (CST)
[debug] [2017-11-13T07:38:25.331Z] <<< HTTP RESPONSE 200
